[2026-03-20 08:07:01] 📝 Posting: '4 signs your boiler needs repairing before it breaks down' (pillar: tips, status: ✅ approved)
[2026-03-20 08:07:01]   ℹ️  No Twitter/X account — connect one at zernio.com to enable X posts
[2026-03-20 08:07:01] 🖼  Image type: asset
  [ImagePicker] Selected: boiler-repair.webp
[2026-03-20 08:07:01] 📤 Uploading base photo for Kie AI: boiler-repair.webp
  [catbox] Uploaded: https://files.catbox.moe/erp6us.webp
[2026-03-20 08:07:02] 🎨 Generating image via Kie AI (base=yes)...
  [Kie AI] Task created: 91aafc8672f997da7f1f99ffc0b5c499
  [Kie AI] Status: waiting (5s)
  [Kie AI] Status: waiting (10s)
  [Kie AI] Status: waiting (15s)
  [Kie AI] Status: waiting (20s)
  [Kie AI] Status: waiting (25s)
  [Kie AI] Status: waiting (30s)
  [Kie AI] Status: waiting (35s)
  [Kie AI] Status: waiting (40s)
  [Kie AI] Status: success (45s)
[2026-03-20 08:07:49]   ✅ Image generated: https://tempfile.aiquickdraw.com/image-format-converter/1773...
[2026-03-20 08:07:49] 📤 Rehosting Kie AI image to catbox.moe for permanent URL...
  [catbox] Rehosted Kie AI image: https://files.catbox.moe/2sstu6.jpg
[2026-03-20 08:07:51] 🖼  Permanent image URL: https://files.catbox.moe/2sstu6.jpg
[2026-03-20 08:07:51] 🚀 Publishing to social platforms...
  [Zernio] Posted to facebook: post ID 69bd005da0852a79eb1c8162
[2026-03-20 08:08:13]   ✅ Facebook: posted successfully
  [Zernio] Posted to instagram: post ID 69bd0072a0852a79eb1c8295
[2026-03-20 08:08:33]   ✅ Instagram: posted successfully
[2026-03-20 08:08:33]   ℹ️  Skipping twitter — no account ID configured
  [Zernio] Posted to googlebusiness: post ID 69bd0086759ac4d1874eb43d
[2026-03-20 08:08:55]   ✅ Googlebusiness: posted successfully
[2026-03-20 08:08:55] 
✅ Posted: '4 signs your boiler needs repairing before it breaks down'
[2026-03-20 08:08:55]    Image: boiler-repair.webp
[2026-03-20 08:08:55]    Pending posts remaining: 29
[2026-03-20 08:08:55]    Kie AI credits remaining: 9599.0
[2026-03-21 08:07:01] 📝 Posting: '4 signs your boiler needs repairing before it breaks down' (pillar: tips, status: ✅ approved)
[2026-03-21 08:07:01]   ℹ️  No Twitter/X account — connect one at zernio.com to enable X posts
[2026-03-21 08:07:01] 🖼  Image type: asset
  [ImagePicker] Selected: boiler-repair.png
[2026-03-21 08:07:01] 📤 Uploading base photo for Kie AI: boiler-repair.png
  [catbox] Uploaded: https://files.catbox.moe/d3u4ja.png
[2026-03-21 08:07:03] 🎨 Generating image via Kie AI (base=yes)...
  [Kie AI] Task created: 09bb45ff72a5a16f1d9de69e3e7bc663
  [Kie AI] Status: waiting (5s)
  [Kie AI] Status: waiting (10s)
  [Kie AI] Status: waiting (15s)
  [Kie AI] Status: waiting (20s)
  [Kie AI] Status: waiting (25s)
  [Kie AI] Status: waiting (30s)
  [Kie AI] Status: waiting (35s)
  [Kie AI] Status: waiting (40s)
  [Kie AI] Status: waiting (45s)
  [Kie AI] Status: success (50s)
[2026-03-21 08:07:55]   ✅ Image generated: https://tempfile.aiquickdraw.com/image-format-converter/1774...
[2026-03-21 08:07:55] 📤 Rehosting Kie AI image to catbox.moe for permanent URL...
  [catbox] Rehosted Kie AI image: https://files.catbox.moe/ho1mys.jpg
[2026-03-21 08:07:56] 🖼  Permanent image URL: https://files.catbox.moe/ho1mys.jpg
[2026-03-21 08:07:56] 🚀 Publishing to social platforms...
  [Zernio] Posted to facebook: post ID 69be51e29ccb503ed0b62a2c
[2026-03-21 08:08:17]   ✅ Facebook: posted successfully
  [Zernio] Posted to instagram: post ID 69be51f66ac40de4517f63f8
[2026-03-21 08:08:37]   ✅ Instagram: posted successfully
[2026-03-21 08:08:37]   ℹ️  Skipping twitter — no account ID configured
  [Zernio] Posted to googlebusiness: post ID 69be520a6ac40de4517f6661
[2026-03-21 08:08:57]   ✅ Googlebusiness: posted successfully
[2026-03-21 08:08:57] 
✅ Posted: '4 signs your boiler needs repairing before it breaks down'
[2026-03-21 08:08:57]    Image: boiler-repair.png
[2026-03-21 08:08:57]    Pending posts remaining: 29
[2026-03-21 08:08:57]    Kie AI credits remaining: 9591.0
[2026-03-22 08:07:01] 📝 Posting: 'WhatsApp video diagnosis for same-day boiler fix' (pillar: emergency, status: ✅ approved)
[2026-03-22 08:07:01]   ℹ️  No Twitter/X account — connect one at zernio.com to enable X posts
[2026-03-22 08:07:01] 🖼  Image type: brand
  [ImagePicker] Selected: IMG_1246.JPG
[2026-03-22 08:07:01] 📤 Uploading base photo for Kie AI: IMG_1246.JPG
  [catbox] Uploaded: https://files.catbox.moe/a1lqrl.JPG
[2026-03-22 08:07:05] 🎨 Generating image via Kie AI (base=yes)...
  [Kie AI] Task created: 5a049b305ddb060d3e42a28cb4e134d3
  [Kie AI] Status: waiting (5s)
  [Kie AI] Status: waiting (10s)
  [Kie AI] Status: waiting (15s)
  [Kie AI] Status: waiting (20s)
  [Kie AI] Status: waiting (25s)
  [Kie AI] Status: waiting (30s)
  [Kie AI] Status: waiting (35s)
  [Kie AI] Status: success (40s)
[2026-03-22 08:07:47]   ✅ Image generated: https://tempfile.aiquickdraw.com/image-format-converter/1774...
[2026-03-22 08:07:47] 📤 Rehosting Kie AI image to catbox.moe for permanent URL...
  [catbox] Rehosted Kie AI image: https://files.catbox.moe/5fu6up.jpg
[2026-03-22 08:07:49] 🖼  Permanent image URL: https://files.catbox.moe/5fu6up.jpg
[2026-03-22 08:07:49] 🚀 Publishing to social platforms...
  [Zernio] Posted to facebook: post ID 69bfa35abe4d96a4d59f7695
[2026-03-22 08:08:09]   ✅ Facebook: posted successfully
  [Zernio] Posted to instagram: post ID 69bfa36ebe4d96a4d59f789c
[2026-03-22 08:08:28]   ✅ Instagram: posted successfully
[2026-03-22 08:08:28]   ℹ️  Skipping twitter — no account ID configured
  [Zernio] Posted to googlebusiness: post ID 69bfa382be4d96a4d59f7af5
[2026-03-22 08:08:48]   ✅ Googlebusiness: posted successfully
[2026-03-22 08:08:48] 
✅ Posted: 'WhatsApp video diagnosis for same-day boiler fix'
[2026-03-22 08:08:48]    Image: IMG_1246.JPG
[2026-03-22 08:08:48]    Pending posts remaining: 28
[2026-03-22 08:08:48]    Kie AI credits remaining: 9583.0
