[2026-03-20 08:07:01] 📝 Posting: '4 signs your boiler needs repairing before it breaks down' (pillar: tips, status: ✅ approved)
[2026-03-20 08:07:01]   ℹ️  No Twitter/X account — connect one at zernio.com to enable X posts
[2026-03-20 08:07:01] 🖼  Image type: asset
  [ImagePicker] Selected: boiler-repair.webp
[2026-03-20 08:07:01] 📤 Uploading base photo for Kie AI: boiler-repair.webp
  [catbox] Uploaded: https://files.catbox.moe/erp6us.webp
[2026-03-20 08:07:02] 🎨 Generating image via Kie AI (base=yes)...
  [Kie AI] Task created: 91aafc8672f997da7f1f99ffc0b5c499
  [Kie AI] Status: waiting (5s)
  [Kie AI] Status: waiting (10s)
  [Kie AI] Status: waiting (15s)
  [Kie AI] Status: waiting (20s)
  [Kie AI] Status: waiting (25s)
  [Kie AI] Status: waiting (30s)
  [Kie AI] Status: waiting (35s)
  [Kie AI] Status: waiting (40s)
  [Kie AI] Status: success (45s)
[2026-03-20 08:07:49]   ✅ Image generated: https://tempfile.aiquickdraw.com/image-format-converter/1773...
[2026-03-20 08:07:49] 📤 Rehosting Kie AI image to catbox.moe for permanent URL...
  [catbox] Rehosted Kie AI image: https://files.catbox.moe/2sstu6.jpg
[2026-03-20 08:07:51] 🖼  Permanent image URL: https://files.catbox.moe/2sstu6.jpg
[2026-03-20 08:07:51] 🚀 Publishing to social platforms...
  [Zernio] Posted to facebook: post ID 69bd005da0852a79eb1c8162
[2026-03-20 08:08:13]   ✅ Facebook: posted successfully
  [Zernio] Posted to instagram: post ID 69bd0072a0852a79eb1c8295
[2026-03-20 08:08:33]   ✅ Instagram: posted successfully
[2026-03-20 08:08:33]   ℹ️  Skipping twitter — no account ID configured
  [Zernio] Posted to googlebusiness: post ID 69bd0086759ac4d1874eb43d
[2026-03-20 08:08:55]   ✅ Googlebusiness: posted successfully
[2026-03-20 08:08:55] 
✅ Posted: '4 signs your boiler needs repairing before it breaks down'
[2026-03-20 08:08:55]    Image: boiler-repair.webp
[2026-03-20 08:08:55]    Pending posts remaining: 29
[2026-03-20 08:08:55]    Kie AI credits remaining: 9599.0
